1325578464000,984997,just started working enjoying #facebook enjoying
1325579328000,680874,just #obama just
1325580192000,214153,am just started #romney started
1325581056000,204785,working enjoying debating finished #hbase finished
1325581920000,849262,just started working enjoying #yahoo enjoying
1325582784000,341919,enjoying #latte enjoying
1325583648000,41342,reading I #obama I
1325584512000,941726,just started working enjoying debating finished #facebook finished
1325585376000,262548,finished #olympics finished
1325586240000,476143,am just started working enjoying debating finished #hbase finished
1325587104000,544057,am #obama am
1325587968000,165048,reading I am just started working #facebook working
1325588832000,86299,debating #hadoop debating
1325589696000,854460,just started working #obama working
1325590560000,178992,working #obama working
1325591424000,396745,listening reading I am just started working enjoying debating finished #yahoo finished
1325592288000,412764,debating #latte debating
1325593152000,717113,watching listening reading #hbase reading
1325594016000,847800,am #olympics am
1325594880000,860260,listening reading I am just started working #obama working
1325595744000,658085,watching listening #obama listening
1325596608000,522139,working enjoying debating #romney debating
1325597472000,971364,debating #latte debating
1325598336000,378637,working enjoying debating finished #hbase finished
1325599200000,127509,reading I am just started working #latte working
1325600064000,672573,working enjoying debating finished #olympics finished
1325600928000,252250,debating finished #olympics finished
1325601792000,204531,working enjoying debating #olympics debating
1325602656000,353359,am just started working #olympics working
1325603520000,174028,finished #yahoo finished
1325604384000,413280,enjoying debating #latte debating
1325605248000,789375,just started working #hadoop working
1325606112000,429895,enjoying #yahoo enjoying
1325606976000,325857,just started working #hbase working
1325607840000,330228,debating finished #olympics finished
1325608704000,907407,started working enjoying debating #hbase debating
1325609568000,87977,enjoying debating finished #yahoo finished
1325610432000,411942,am just started working enjoying debating finished #yahoo finished
1325611296000,273847,started #hbase started
1325612160000,952175,just #hadoop just
1325613024000,122096,listening reading I am just #hadoop just
1325613888000,83214,listening reading I am just started working enjoying debating #romney debating
1325614752000,232326,working #romney working
1325615616000,440386,listening reading I am just started #hbase started
1325616480000,532314,enjoying #latte enjoying
1325617344000,677889,debating finished #hbase finished
1325618208000,292194,debating finished #romney finished
1325619072000,253440,I am just started working enjoying debating #hbase debating
1325619936000,894816,reading I #facebook I
1325620800000,51977,listening reading I am just started working enjoying debating #olympics debating
1325621664000,338602,working enjoying debating finished #romney finished
1325622528000,958916,am just started #romney started
1325623392000,24603,listening reading I am just #yahoo just
1325624256000,441567,just started working enjoying debating finished #olympics finished
1325625120000,518128,am #olympics am
1325625984000,629000,debating finished #romney finished
1325626848000,761377,just started working #hadoop working
1325627712000,590392,am just started #hadoop started
1325628576000,718876,debating #hadoop debating
1325629440000,578665,just started working enjoying debating #obama debating
1325630304000,83590,watching listening reading I am just #yahoo just
1325631168000,264963,watching listening reading #romney reading
1325632032000,403043,finished #hadoop finished
1325632896000,835901,just #olympics just
1325633760000,821346,started #yahoo started
1325634624000,945113,debating finished #latte finished
1325635488000,609,debating #facebook debating
1325636352000,23843,just started working enjoying debating #hadoop debating
1325637216000,143006,am just started working #obama working
1325638080000,562150,finished #hbase finished
1325638944000,168602,finished #obama finished
1325639808000,22171,just #yahoo just
1325640672000,628590,debating finished #romney finished
1325641536000,818346,I am #hadoop am
1325642400000,397555,watching listening #romney listening
1325643264000,487083,debating #latte debating
1325644128000,750699,listening reading I am just started working enjoying debating #olympics debating
1325644992000,782441,listening #olympics listening
1325645856000,510877,listening reading I am just started working #olympics working
1325646720000,603968,reading I am just started working enjoying debating #facebook debating
1325647584000,894576,started working enjoying debating #obama debating
1325648448000,951944,debating finished #facebook finished
1325649312000,257009,reading I am just started working enjoying debating finished #facebook finished
1325650176000,848265,enjoying debating finished #hbase finished
1325651040000,188203,reading I am just started working #hbase working
1325651904000,596605,I am just started working enjoying debating finished #latte finished
1325652768000,936742,working #yahoo working
1325653632000,699706,just started working enjoying #latte enjoying
1325654496000,543847,listening reading I am #yahoo am
1325655360000,966319,working enjoying debating finished #yahoo finished
1325656224000,463204,started #olympics started
1325657088000,776076,I am just started working enjoying debating finished #hadoop finished
1325657952000,951415,just started working enjoying debating finished #obama finished
1325658816000,918461,enjoying debating finished #obama finished
1325659680000,156658,I am just #yahoo just
1325660544000,53646,reading I am just started working enjoying #yahoo enjoying
1325661408000,995911,I am #romney am
1325662272000,968937,listening reading #olympics reading
1325663136000,169291,just started working enjoying debating #hbase debating
1325664000000,853854,watching listening reading I am just started working #olympics working
