1325492064000,634172,finished #hbase finished
1325492928000,751467,I #latte I #facebook
1325493792000,284371,reading I am just started working enjoying #olympics enjoying
1325494656000,344582,started working enjoying debating finished #yahoo finished
1325495520000,782539,started working enjoying debating #latte debating
1325496384000,205575,debating #olympics debating
1325497248000,996753,working enjoying debating #yahoo debating
1325498112000,480724,finished #olympics finished
1325498976000,981173,finished #hbase finished
1325499840000,761651,watching listening reading I #obama I
1325500704000,975082,listening reading #romney reading
1325501568000,735965,started working enjoying debating #hbase debating
1325502432000,512911,am just started working enjoying #latte enjoying
1325503296000,133777,started #hadoop started
1325504160000,404997,finished #obama finished
1325505024000,612909,debating finished #romney finished
1325505888000,507884,enjoying debating #romney debating
1325506752000,316642,am just #facebook just
1325507616000,495248,debating finished #hadoop finished
1325508480000,239698,started working enjoying debating finished #hbase finished
1325509344000,868089,started working #facebook working
1325510208000,657012,finished #latte finished
1325511072000,767517,I am just started working #latte working
1325511936000,263336,finished #hbase finished
1325512800000,498988,I am just started #latte started
1325513664000,216053,reading I am just started working enjoying #romney enjoying
1325514528000,673554,debating finished #facebook finished
1325515392000,442233,watching listening reading I am #hadoop am
1325516256000,78693,I #hadoop I
1325517120000,592023,started working #romney working
1325517984000,951959,reading #hbase reading
1325518848000,950695,am just started working enjoying debating #facebook debating
1325519712000,593831,just started #yahoo started
1325520576000,532981,reading I am just started #facebook started
1325521440000,70,enjoying debating #facebook debating
1325522304000,82657,I am just started working enjoying debating finished #romney finished
1325523168000,157797,reading #facebook reading
1325524032000,48250,reading I am #latte am
1325524896000,487628,working #latte working
1325525760000,251802,reading I am #hbase am
1325526624000,346599,started #obama started
1325527488000,401368,am #olympics am
1325528352000,443008,am just started working enjoying debating finished #yahoo finished
1325529216000,17583,started #facebook started
1325530080000,3247,reading I #obama I
1325530944000,484070,started working enjoying #hadoop enjoying
1325531808000,619536,watching listening reading I am #hbase am
1325532672000,323770,started working enjoying #obama enjoying
1325533536000,812765,just started #yahoo started
1325534400000,441035,enjoying debating finished #olympics finished
1325535264000,949068,reading I am #hbase am
1325536128000,173163,working enjoying #hbase enjoying
1325536992000,71132,enjoying debating #yahoo debating
1325537856000,481622,started working enjoying debating #facebook debating
1325538720000,42628,debating #facebook debating
1325539584000,723137,am just started working enjoying debating finished #latte finished
1325540448000,619793,just started working enjoying debating #hbase debating
1325541312000,186634,enjoying #olympics enjoying
1325542176000,519519,am just started #olympics started
1325543040000,845342,I am just started working #romney working
1325543904000,185300,working #yahoo working
1325544768000,43420,reading I am just started working enjoying debating #facebook debating
1325545632000,78400,reading I am just started working #obama working #romney
1325546496000,466663,am just started working #hbase working
1325547360000,289097,watching listening reading #olympics reading
1325548224000,600037,started working #latte working
1325549088000,183491,debating finished #facebook finished
1325549952000,944313,working enjoying debating finished #obama finished
1325550816000,945896,watching listening reading I am #latte am
1325551680000,510688,listening reading I am just started working #hadoop working
1325552544000,636232,just #yahoo just
1325553408000,569734,finished #latte finished
1325554272000,757297,listening reading I am just started working enjoying #facebook enjoying
1325555136000,270088,listening reading I am just started working #hbase working
1325556000000,606858,debating finished #hadoop finished
1325556864000,703867,listening reading #hadoop reading
1325557728000,200297,started #obama started
1325558592000,316554,watching listening reading I am just started working enjoying debating finished #hbase finished
1325559456000,396824,reading I am just started working enjoying debating finished #obama finished
1325560320000,220789,I am just started working #hbase working
1325561184000,934433,enjoying #olympics enjoying
1325562048000,927968,watching listening reading I #obama I
1325562912000,485453,debating finished #facebook finished
1325563776000,24340,just started working #facebook working
1325564640000,91455,watching listening reading #hadoop reading
1325565504000,405025,debating finished #yahoo finished
1325566368000,610150,enjoying debating finished #obama finished
1325567232000,498546,I am just started working enjoying debating finished #hbase finished
1325568096000,467536,reading I am just started working enjoying debating finished #obama finished
1325568960000,603762,I am just started working #facebook working
1325569824000,425721,am just started working enjoying debating #yahoo debating
1325570688000,850146,reading #facebook reading
1325571552000,515910,working enjoying #hbase enjoying
1325572416000,901649,reading I am just started working enjoying #latte enjoying
1325573280000,72438,I am just started #latte started
1325574144000,97487,finished #hadoop finished
1325575008000,373496,am just started working enjoying debating #hadoop debating
1325575872000,470844,listening reading I am just started working enjoying #yahoo enjoying
1325576736000,188311,am #romney am
1325577600000,876564,watching listening reading I am #olympics am
