1325751264000,133432,I #yahoo I
1325752128000,893038,watching listening #olympics listening
1325752992000,337725,am #facebook am
1325753856000,474892,watching listening reading I #latte I
1325754720000,844310,reading I am #obama am
1325755584000,619469,debating #latte debating
1325756448000,228178,just started #facebook started
1325757312000,422453,finished #yahoo finished
1325758176000,417347,I am #obama am
1325759040000,337247,finished #romney finished
1325759904000,611062,watching listening reading I am just started working enjoying debating #latte debating
1325760768000,208285,am just started working #hbase working
1325761632000,694491,enjoying #yahoo enjoying
1325762496000,285975,watching listening reading I am just #olympics just
1325763360000,94933,watching listening reading I am just #latte just
1325764224000,428825,started working enjoying #obama enjoying
1325765088000,78054,listening reading I am just started working enjoying debating #hadoop debating
1325765952000,62590,just started working enjoying debating finished #latte finished
1325766816000,189987,debating finished #hadoop finished
1325767680000,231446,just #hadoop just
1325768544000,334167,watching listening reading I am just #romney just
1325769408000,309711,reading #romney reading
1325770272000,485540,just started #hadoop started
1325771136000,562814,enjoying debating #olympics debating
1325772000000,509829,just started #hbase started
1325772864000,851223,listening reading I am #obama am
1325773728000,127605,enjoying #hbase enjoying
1325774592000,951163,started working enjoying #obama enjoying
1325775456000,328969,am just started working #latte working
1325776320000,660373,just started #facebook started
1325777184000,556749,reading I am #obama am
1325778048000,965719,am just started working enjoying debating finished #yahoo finished
1325778912000,386427,I am just started working #olympics working
1325779776000,698584,just started working enjoying #hadoop enjoying
1325780640000,21036,working enjoying debating #hadoop debating
1325781504000,639109,enjoying #yahoo enjoying
1325782368000,101950,reading I #latte I
1325783232000,788864,working enjoying #yahoo enjoying
1325784096000,671157,started working enjoying debating #hbase debating
1325784960000,867404,debating finished #hbase finished
1325785824000,271336,enjoying debating #hadoop debating
1325786688000,284060,am just started working enjoying debating #facebook debating
1325787552000,601822,started working enjoying debating #hbase debating
1325788416000,847113,started #obama started
1325789280000,159681,just started #hadoop started
1325790144000,558927,am just started working enjoying #yahoo enjoying
1325791008000,921481,am just started #facebook started
1325791872000,458693,watching listening reading I am just started #facebook started
1325792736000,503022,working enjoying #yahoo enjoying
1325793600000,31885,enjoying debating finished #facebook finished
1325794464000,547300,listening reading I #yahoo I
1325795328000,525225,enjoying #latte enjoying
1325796192000,470655,started working enjoying debating finished #hadoop finished
1325797056000,160423,debating #latte debating
1325797920000,943416,started working enjoying debating #obama debating
1325798784000,870462,working #facebook working
1325799648000,922431,listening reading I am #romney am
1325800512000,970175,started working #obama working
1325801376000,824980,enjoying debating finished #facebook finished
1325802240000,203662,reading I am just started working #olympics working
1325803104000,954289,working enjoying #latte enjoying
1325803968000,5404,enjoying debating #romney debating
1325804832000,773063,working enjoying debating #obama debating
1325805696000,854795,reading I am just started working enjoying debating finished #latte finished
1325806560000,149322,listening reading I am just #yahoo just
1325807424000,416847,working enjoying debating #romney debating
1325808288000,629913,watching listening reading I am just started working enjoying debating finished #yahoo finished
1325809152000,226098,working #hbase working
1325810016000,59426,am just started working enjoying #hbase enjoying
1325810880000,946227,just #hadoop just
1325811744000,304999,I am just #latte just
1325812608000,149589,just started working enjoying debating finished #facebook finished
1325813472000,562091,listening reading I am #romney am
1325814336000,641898,just started #hbase started
1325815200000,67964,enjoying #romney enjoying
1325816064000,16133,I am just started working enjoying #romney enjoying
1325816928000,309033,watching listening reading I am just #hadoop just
1325817792000,295388,debating #hadoop debating
1325818656000,447706,working enjoying #romney enjoying
1325819520000,250243,listening reading I am just started working enjoying #romney enjoying
1325820384000,403011,reading I am just started working enjoying debating #facebook debating
1325821248000,126024,debating finished #obama finished
1325822112000,807423,working enjoying debating #romney debating
1325822976000,892641,listening reading I am just #obama just
1325823840000,153059,finished #obama finished
1325824704000,580115,just started #facebook started
1325825568000,327837,finished #yahoo finished
1325826432000,256552,just #obama just #romney
1325827296000,708012,debating #latte debating
1325828160000,452051,I am just started working enjoying #latte enjoying
1325829024000,64357,I am just started working enjoying debating #obama debating
1325829888000,692835,am just started #hbase started
1325830752000,931560,I am just started working enjoying #yahoo enjoying
1325831616000,419305,am just started working enjoying debating #obama debating
1325832480000,555451,debating #obama debating
1325833344000,664143,listening reading #hbase reading
1325834208000,188023,listening reading #latte reading
1325835072000,732249,started #latte started
1325835936000,687851,working enjoying debating #romney debating
1325836800000,690371,finished #romney finished
