1325405664000,220642,listening reading #obama reading
1325406528000,832849,enjoying debating finished #latte finished
1325407392000,386989,I am just started working #facebook working
1325408256000,785933,finished #yahoo finished
1325409120000,321804,enjoying #hadoop enjoying
1325409984000,699919,finished #romney finished
1325410848000,530191,reading I am just started working enjoying debating finished #facebook finished
1325411712000,34659,started working enjoying debating #romney debating
1325412576000,976577,watching listening reading I am just started #hadoop started
1325413440000,632935,watching listening reading I am just started working #obama working
1325414304000,707280,watching #hadoop watching
1325415168000,533855,started working enjoying #hbase enjoying
1325416032000,303500,am just started #yahoo started
1325416896000,473219,watching listening reading I am just started working enjoying debating finished #facebook finished
1325417760000,919202,listening reading I am just started working enjoying #hadoop enjoying
1325418624000,635218,debating finished #yahoo finished
1325419488000,326912,reading I am just #hbase just
1325420352000,347128,started working enjoying debating finished #facebook finished
1325421216000,801276,listening #latte listening
1325422080000,838104,started working enjoying #yahoo enjoying
1325422944000,617696,started working enjoying debating finished #romney finished
1325423808000,479251,reading I am just started working enjoying debating #obama debating
1325424672000,208809,I am just started working enjoying debating #olympics debating
1325425536000,190204,reading I #facebook I
1325426400000,759964,debating #latte debating
1325427264000,393015,started working #hadoop working
1325428128000,172038,finished #romney finished
1325428992000,572442,watching listening reading I am just started working enjoying #latte enjoying
1325429856000,150466,listening reading I am just started working enjoying #facebook enjoying
1325430720000,784606,debating #olympics debating
1325431584000,476392,listening reading I #obama I
1325432448000,520578,started working enjoying debating finished #yahoo finished
1325433312000,160368,started working enjoying debating finished #romney finished
1325434176000,625651,watching listening reading I am just started working enjoying debating #romney debating
1325435040000,541696,reading I am just #romney just
1325435904000,922183,debating #yahoo debating
1325436768000,60740,listening reading I am just started working enjoying debating #latte debating
1325437632000,402112,started working enjoying debating #romney debating
1325438496000,340425,started working enjoying #latte enjoying
1325439360000,791222,started working #romney working
1325440224000,545455,debating finished #romney finished
1325441088000,511269,reading I am #latte am
1325441952000,136665,working enjoying debating #hbase debating
1325442816000,488811,watching listening reading I am just #obama just
1325443680000,191217,working #latte working
1325444544000,550047,started working enjoying debating #facebook debating
1325445408000,763046,I am just started working enjoying debating #latte debating
1325446272000,80988,reading I am just started #olympics started
1325447136000,6413,watching listening reading I am just started #facebook started
1325448000000,535699,reading I #yahoo I
1325448864000,521162,reading I am just started working enjoying debating #obama debating
1325449728000,22679,working enjoying #facebook enjoying
1325450592000,786028,watching listening reading #olympics reading
1325451456000,838642,debating #olympics debating
1325452320000,742253,listening reading I am #obama am
1325453184000,477756,enjoying debating finished #hadoop finished
1325454048000,600921,debating #latte debating
1325454912000,471323,reading I am just started #olympics started
1325455776000,824091,finished #obama finished
1325456640000,689480,watching listening reading I #romney I
1325457504000,591813,started #latte started
1325458368000,529162,I #olympics I
1325459232000,261720,enjoying #olympics enjoying
1325460096000,708037,am #hbase am
1325460960000,132096,watching listening reading I am just started working enjoying debating finished #latte finished
1325461824000,457488,listening reading I am just #yahoo just
1325462688000,35187,working enjoying debating finished #hadoop finished
1325463552000,328411,listening reading I am just started working enjoying debating finished #obama finished
1325464416000,207258,just started #latte started
1325465280000,723773,am just #yahoo just
1325466144000,971981,enjoying debating finished #olympics finished
1325467008000,406702,I am #hadoop am
1325467872000,369289,I am just started working enjoying debating finished #latte finished
1325468736000,749774,working enjoying debating #hbase debating
1325469600000,598919,just started working enjoying debating finished #olympics finished
1325470464000,513283,reading #romney reading
1325471328000,630573,I am just #obama just
1325472192000,317571,watching listening reading I am just started #obama started
1325473056000,898197,debating #obama debating
1325473920000,855052,working enjoying #hadoop enjoying
1325474784000,695350,listening reading #olympics reading
1325475648000,435304,debating finished #facebook finished
1325476512000,828697,started #facebook started
1325477376000,466874,finished #hbase finished
1325478240000,729852,watching listening reading I am just #facebook just
1325479104000,617157,enjoying debating finished #romney finished
1325479968000,496436,reading I am just started #hbase started
1325480832000,716200,started #facebook started
1325481696000,86900,debating finished #latte finished
1325482560000,711898,finished #hadoop finished
1325483424000,31555,reading I am just started working enjoying debating #yahoo debating
1325484288000,420528,watching listening reading I am just started #yahoo started
1325485152000,129410,reading I am just started #hbase started
1325486016000,748211,reading I am just started working enjoying debating finished #latte finished
1325486880000,614557,watching listening #obama listening
1325487744000,316529,am #facebook am
1325488608000,798711,am #romney am
1325489472000,30631,debating #latte debating
1325490336000,472517,started working #obama working
1325491200000,449952,just started working enjoying #obama enjoying
