1325664864000,777023,debating #obama debating
1325665728000,300622,listening reading I am just started working enjoying debating finished #obama finished
1325666592000,741783,finished #latte finished
1325667456000,377318,working enjoying debating finished #obama finished
1325668320000,853267,working enjoying debating finished #romney finished
1325669184000,534820,watching listening reading I am just started working enjoying debating #latte debating
1325670048000,474180,started #olympics started
1325670912000,446763,listening reading I am just started working enjoying debating finished #facebook finished
1325671776000,868156,I #facebook I
1325672640000,253943,finished #facebook finished
1325673504000,230836,listening reading I #hadoop I
1325674368000,767106,I am just #latte just
1325675232000,692348,started working #olympics working
1325676096000,5977,just started #facebook started
1325676960000,727091,I am #facebook am
1325677824000,81626,listening reading I am #obama am
1325678688000,39463,am #romney am
1325679552000,401890,reading I am just started working #hadoop working
1325680416000,109178,finished #romney finished
1325681280000,205049,working enjoying debating #romney debating
1325682144000,535874,reading I #romney I
1325683008000,135369,watching listening reading I am just #obama just
1325683872000,967807,I am just started working enjoying #olympics enjoying
1325684736000,686351,working enjoying debating #hadoop debating
1325685600000,106505,started #yahoo started
1325686464000,659522,am just started #yahoo started
1325687328000,497722,just started #obama started
1325688192000,941586,watching listening reading I am #romney am
1325689056000,992426,enjoying #obama enjoying
1325689920000,153948,started working enjoying debating finished #obama finished
1325690784000,321484,enjoying #yahoo enjoying
1325691648000,597204,working enjoying debating #facebook debating
1325692512000,456906,reading I am #latte am
1325693376000,869603,enjoying #olympics enjoying
1325694240000,384217,debating finished #olympics finished
1325695104000,495800,I am #obama am
1325695968000,771650,enjoying debating #hadoop debating
1325696832000,892382,just #hbase just
1325697696000,508866,working enjoying debating #romney debating
1325698560000,479725,listening reading I am just started working enjoying #romney enjoying
1325699424000,437414,enjoying #olympics enjoying
1325700288000,144347,debating finished #hbase finished
1325701152000,461449,listening reading I am just #latte just
1325702016000,396322,reading I #latte I
1325702880000,138135,watching listening reading I am just started #yahoo started
1325703744000,692022,finished #hadoop finished
1325704608000,940016,working enjoying debating finished #hbase finished
1325705472000,149968,debating finished #hbase finished
1325706336000,423122,am #olympics am
1325707200000,35776,watching listening reading I am just started working enjoying debating #hbase debating
1325708064000,817906,enjoying debating finished #yahoo finished
1325708928000,756030,just started working enjoying #hbase enjoying
1325709792000,914055,listening #romney listening
1325710656000,114722,started working enjoying debating #yahoo debating
1325711520000,114496,working enjoying #yahoo enjoying
1325712384000,216014,I #facebook I
1325713248000,252175,reading I am just started working enjoying debating finished #facebook finished
1325714112000,141598,I am just started working enjoying debating finished #romney finished
1325714976000,696095,working #hbase working
1325715840000,561413,working #facebook working
1325716704000,909234,am just started working enjoying debating finished #olympics finished
1325717568000,777938,watching listening reading I am just #romney just
1325718432000,744764,I #obama I
1325719296000,854125,reading I am just started working enjoying debating #obama debating
1325720160000,340426,enjoying debating #facebook debating
1325721024000,340971,reading I am just started #obama started
1325721888000,160628,watching listening reading I am just started working #hadoop working
1325722752000,840602,started #olympics started
1325723616000,64135,reading I am just started working enjoying #hadoop enjoying
1325724480000,383379,finished #olympics finished
1325725344000,927424,started working enjoying #yahoo enjoying
1325726208000,29090,working enjoying #latte enjoying
1325727072000,115509,finished #latte finished
1325727936000,159923,finished #hadoop finished
1325728800000,942284,finished #facebook finished
1325729664000,209463,debating #facebook debating
1325730528000,851585,just started working #romney working
1325731392000,919091,watching listening reading I am just started working enjoying #hbase enjoying
1325732256000,509885,just started working #yahoo working
1325733120000,218949,just started working enjoying debating finished #facebook finished
1325733984000,550895,reading I am just started #romney started
1325734848000,646537,I am just started working #facebook working
1325735712000,53296,just started #facebook started
1325736576000,112139,reading #latte reading
1325737440000,771249,debating #hadoop debating
1325738304000,78846,am #hadoop am
1325739168000,744150,am just started working #hadoop working
1325740032000,659324,finished #yahoo finished
1325740896000,684420,I #hbase I
1325741760000,482974,am just started working #latte working
1325742624000,137041,enjoying debating finished #latte finished
1325743488000,220375,watching listening reading I am just started working enjoying #obama enjoying
1325744352000,241908,working enjoying #facebook enjoying
1325745216000,207208,started #olympics started
1325746080000,462253,just started working enjoying #obama enjoying
1325746944000,624066,finished #romney finished
1325747808000,173091,I am #romney am
1325748672000,638720,working #romney working
1325749536000,561189,I am just started working enjoying #romney enjoying
1325750400000,751345,started working enjoying debating finished #olympics finished
